<?xml version="1.0" encoding="UTF-8"?>
<!-- Generated by org.testng.reporters.JUnitXMLReporter -->
<testsuite hostname="nadsoft-H81M-Gaming-3" name="Nopackage" tests="3" failures="2" timestamp="13 Sep 2016 04:14:36 GMT" time="525.914" errors="0">
  <testcase name="testScripts" time="58.828" classname="com.DriveOn.consumerForm">
    <failure type="org.openqa.selenium.NoSuchElementException" message="no such element: Unable to locate element: {&amp;quot;method&amp;quot;:&amp;quot;name&amp;quot;,&amp;quot;selector&amp;quot;:&amp;quot;data[before-we-start][applicant-are-there]&amp;quot;}
  (Session info: chrome=50.0.2661.102)
  (Driver info: chromedriver=2.22.397932 (282ed7cf89cf0053b6542e0d0f039d4123bbb6ad),platform=Linux 3.16.0-71-generic x86_64) (WARNING: The server did not provide any stacktrace information)
Command duration or timeout: 30.07 seconds
For documentation on this error, please visit: http://seleniumhq.org/exceptions/no_such_element.html
Build info: version: &amp;apos;unknown&amp;apos;, revision: &amp;apos;f233563&amp;apos;, time: &amp;apos;2016-07-28 17:11:26 -0700&amp;apos;
System info: host: &amp;apos;nadsoft-H81M-Gaming-3&amp;apos;, ip: &amp;apos;127.0.1.1&amp;apos;, os.name: &amp;apos;Linux&amp;apos;, os.arch: &amp;apos;amd64&amp;apos;, os.version: &amp;apos;3.16.0-71-generic&amp;apos;, java.version: &amp;apos;1.8.0_91&amp;apos;
Driver info: org.openqa.selenium.chrome.ChromeDriver
Capabilities [{applicationCacheEnabled=false, rotatable=false, mobileEmulationEnabled=false, chrome={chromedriverVersion=2.22.397932 (282ed7cf89cf0053b6542e0d0f039d4123bbb6ad), userDataDir=/tmp/.com.google.Chrome.IpNDMJ}, takesHeapSnapshot=true, databaseEnabled=false, handlesAlerts=true, hasTouchScreen=false, version=50.0.2661.102, platform=LINUX, browserConnectionEnabled=false, nativeEvents=true, acceptSslCerts=true, locationContextEnabled=true, webStorageEnabled=true, browserName=chrome, takesScreenshot=true, javascriptEnabled=true, cssSelectorsEnabled=true}]
Session ID: a7a90374cafc2bd931a66c5bbcc24bad
*** Element info: {Using=name, value=data[before-we-start][applicant-are-there]}">
      <![CDATA[org.openqa.selenium.NoSuchElementException: no such element: Unable to locate element: {"method":"name","selector":"data[before-we-start][applicant-are-there]"}
  (Session info: chrome=50.0.2661.102)
  (Driver info: chromedriver=2.22.397932 (282ed7cf89cf0053b6542e0d0f039d4123bbb6ad),platform=Linux 3.16.0-71-generic x86_64) (WARNING: The server did not provide any stacktrace information)
Command duration or timeout: 30.07 seconds
For documentation on this error, please visit: http://seleniumhq.org/exceptions/no_such_element.html
Build info: version: 'unknown', revision: 'f233563', time: '2016-07-28 17:11:26 -0700'
System info: host: 'nadsoft-H81M-Gaming-3', ip: '127.0.1.1', os.name: 'Linux', os.arch: 'amd64', os.version: '3.16.0-71-generic', java.version: '1.8.0_91'
Driver info: org.openqa.selenium.chrome.ChromeDriver
Capabilities [{applicationCacheEnabled=false, rotatable=false, mobileEmulationEnabled=false, chrome={chromedriverVersion=2.22.397932 (282ed7cf89cf0053b6542e0d0f039d4123bbb6ad), userDataDir=/tmp/.com.google.Chrome.IpNDMJ}, takesHeapSnapshot=true, databaseEnabled=false, handlesAlerts=true, hasTouchScreen=false, version=50.0.2661.102, platform=LINUX, browserConnectionEnabled=false, nativeEvents=true, acceptSslCerts=true, locationContextEnabled=true, webStorageEnabled=true, browserName=chrome, takesScreenshot=true, javascriptEnabled=true, cssSelectorsEnabled=true}]
Session ID: a7a90374cafc2bd931a66c5bbcc24bad
*** Element info: {Using=name, value=data[before-we-start][applicant-are-there]}
	at org.openqa.selenium.remote.ErrorHandler.createThrowable(ErrorHandler.java:206)
	at org.openqa.selenium.remote.ErrorHandler.throwIfResponseFailed(ErrorHandler.java:158)
	at org.openqa.selenium.remote.RemoteWebDriver.execute(RemoteWebDriver.java:683)
	at org.openqa.selenium.remote.RemoteWebDriver.findElement(RemoteWebDriver.java:377)
	at org.openqa.selenium.remote.RemoteWebDriver.findElementByName(RemoteWebDriver.java:471)
	at org.openqa.selenium.By$ByName.findElement(By.java:303)
	at org.openqa.selenium.remote.RemoteWebDriver.findElement(RemoteWebDriver.java:369)
	at com.DriveOn.consumerForm.addConsumerDetailsWithTwoApplication(consumerForm.java:65)
	at com.DriveOn.consumerForm.testScripts(consumerForm.java:22)
... Removed 29 stack frames]]>
    </failure>
  </testcase> <!-- testScripts -->
  <testcase name="testScripts" time="220.79" classname="com.DriveOn.commericalForm"/>
  <testcase name="testScripts" time="239.199" classname="com.DriveOn.adminActivity">
    <failure type="java.lang.AssertionError" message="expected [Ashok Kumar] but found [Micro Trading]">
      <![CDATA[java.lang.AssertionError: expected [Ashok Kumar] but found [Micro Trading]
	at com.DriveOn.adminActivity.adminQuickQuoteForCommericalForm(adminActivity.java:1303)
	at com.DriveOn.adminActivity.testScripts(adminActivity.java:28)
... Removed 31 stack frames]]>
    </failure>
  </testcase> <!-- testScripts -->
</testsuite> <!-- Nopackage -->
